<?xml version="1.0" encoding="UTF-8"?>
<testsuite xmlns:xsi="http://www.w3.org/2001/XMLSchema-instance" xsi:noNamespaceSchemaLocation="https://maven.apache.org/surefire/maven-surefire-plugin/xsd/surefire-test-report-3.0.xsd" version="3.0" name="com.crushfirefly.Experiment3ApplicationTests" time="3.588" tests="1" errors="0" skipped="0" failures="0">
  <properties>
    <property name="java.specification.version" value="21"/>
    <property name="sun.cpu.isalist" value="amd64"/>
    <property name="sun.jnu.encoding" value="GBK"/>
    <property name="java.class.path" value="F:\Code Project\vscode project\workspace\Advanced Web Experiment\Experiment 3\target\test-classes;F:\Code Project\vscode project\workspace\Advanced Web Experiment\Experiment 3\target\classes;C:\Tools\Maven\repository\org\springframework\boot\spring-boot-starter-web\3.2.5\spring-boot-starter-web-3.2.5.jar;C:\Tools\Maven\repository\org\springframework\boot\spring-boot-starter\3.2.5\spring-boot-starter-3.2.5.jar;C:\Tools\Maven\repository\org\springframework\boot\spring-boot\3.2.5\spring-boot-3.2.5.jar;C:\Tools\Maven\repository\org\springframework\boot\spring-boot-autoconfigure\3.2.5\spring-boot-autoconfigure-3.2.5.jar;C:\Tools\Maven\repository\org\springframework\boot\spring-boot-starter-logging\3.2.5\spring-boot-starter-logging-3.2.5.jar;C:\Tools\Maven\repository\ch\qos\logback\logback-classic\1.4.14\logback-classic-1.4.14.jar;C:\Tools\Maven\repository\ch\qos\logback\logback-core\1.4.14\logback-core-1.4.14.jar;C:\Tools\Maven\repository\org\apache\logging\log4j\log4j-to-slf4j\2.21.1\log4j-to-slf4j-2.21.1.jar;C:\Tools\Maven\repository\org\apache\logging\log4j\log4j-api\2.21.1\log4j-api-2.21.1.jar;C:\Tools\Maven\repository\org\slf4j\jul-to-slf4j\2.0.13\jul-to-slf4j-2.0.13.jar;C:\Tools\Maven\repository\jakarta\annotation\jakarta.annotation-api\2.1.1\jakarta.annotation-api-2.1.1.jar;C:\Tools\Maven\repository\org\yaml\snakeyaml\2.2\snakeyaml-2.2.jar;C:\Tools\Maven\repository\org\springframework\boot\spring-boot-starter-json\3.2.5\spring-boot-starter-json-3.2.5.jar;C:\Tools\Maven\repository\com\fasterxml\jackson\core\jackson-databind\2.15.4\jackson-databind-2.15.4.jar;C:\Tools\Maven\repository\com\fasterxml\jackson\core\jackson-annotations\2.15.4\jackson-annotations-2.15.4.jar;C:\Tools\Maven\repository\com\fasterxml\jackson\core\jackson-core\2.15.4\jackson-core-2.15.4.jar;C:\Tools\Maven\repository\com\fasterxml\jackson\datatype\jackson-datatype-jdk8\2.15.4\jackson-datatype-jdk8-2.15.4.jar;C:\Tools\Maven\repository\com\fasterxml\jackson\datatype\jackson-datatype-jsr310\2.15.4\jackson-datatype-jsr310-2.15.4.jar;C:\Tools\Maven\repository\com\fasterxml\jackson\module\jackson-module-parameter-names\2.15.4\jackson-module-parameter-names-2.15.4.jar;C:\Tools\Maven\repository\org\springframework\boot\spring-boot-starter-tomcat\3.2.5\spring-boot-starter-tomcat-3.2.5.jar;C:\Tools\Maven\repository\org\apache\tomcat\embed\tomcat-embed-core\10.1.20\tomcat-embed-core-10.1.20.jar;C:\Tools\Maven\repository\org\apache\tomcat\embed\tomcat-embed-el\10.1.20\tomcat-embed-el-10.1.20.jar;C:\Tools\Maven\repository\org\apache\tomcat\embed\tomcat-embed-websocket\10.1.20\tomcat-embed-websocket-10.1.20.jar;C:\Tools\Maven\repository\org\springframework\spring-web\6.1.6\spring-web-6.1.6.jar;C:\Tools\Maven\repository\org\springframework\spring-beans\6.1.6\spring-beans-6.1.6.jar;C:\Tools\Maven\repository\io\micrometer\micrometer-observation\1.12.5\micrometer-observation-1.12.5.jar;C:\Tools\Maven\repository\io\micrometer\micrometer-commons\1.12.5\micrometer-commons-1.12.5.jar;C:\Tools\Maven\repository\org\springframework\spring-webmvc\6.1.6\spring-webmvc-6.1.6.jar;C:\Tools\Maven\repository\org\springframework\spring-aop\6.1.6\spring-aop-6.1.6.jar;C:\Tools\Maven\repository\org\springframework\spring-context\6.1.6\spring-context-6.1.6.jar;C:\Tools\Maven\repository\org\springframework\spring-expression\6.1.6\spring-expression-6.1.6.jar;C:\Tools\Maven\repository\org\mybatis\spring\boot\mybatis-spring-boot-starter\3.0.3\mybatis-spring-boot-starter-3.0.3.jar;C:\Tools\Maven\repository\org\springframework\boot\spring-boot-starter-jdbc\3.2.5\spring-boot-starter-jdbc-3.2.5.jar;C:\Tools\Maven\repository\com\zaxxer\HikariCP\5.0.1\HikariCP-5.0.1.jar;C:\Tools\Maven\repository\org\springframework\spring-jdbc\6.1.6\spring-jdbc-6.1.6.jar;C:\Tools\Maven\repository\org\mybatis\spring\boot\mybatis-spring-boot-autoconfigure\3.0.3\mybatis-spring-boot-autoconfigure-3.0.3.jar;C:\Tools\Maven\repository\org\mybatis\mybatis\3.5.14\mybatis-3.5.14.jar;C:\Tools\Maven\repository\org\mybatis\mybatis-spring\3.0.3\mybatis-spring-3.0.3.jar;C:\Tools\Maven\repository\com\mysql\mysql-connector-j\8.3.0\mysql-connector-j-8.3.0.jar;C:\Tools\Maven\repository\org\projectlombok\lombok\1.18.32\lombok-1.18.32.jar;C:\Tools\Maven\repository\org\springframework\boot\spring-boot-starter-test\3.2.5\spring-boot-starter-test-3.2.5.jar;C:\Tools\Maven\repository\org\springframework\boot\spring-boot-test\3.2.5\spring-boot-test-3.2.5.jar;C:\Tools\Maven\repository\org\springframework\boot\spring-boot-test-autoconfigure\3.2.5\spring-boot-test-autoconfigure-3.2.5.jar;C:\Tools\Maven\repository\com\jayway\jsonpath\json-path\2.9.0\json-path-2.9.0.jar;C:\Tools\Maven\repository\org\slf4j\slf4j-api\2.0.13\slf4j-api-2.0.13.jar;C:\Tools\Maven\repository\jakarta\xml\bind\jakarta.xml.bind-api\4.0.2\jakarta.xml.bind-api-4.0.2.jar;C:\Tools\Maven\repository\jakarta\activation\jakarta.activation-api\2.1.3\jakarta.activation-api-2.1.3.jar;C:\Tools\Maven\repository\net\minidev\json-smart\2.5.1\json-smart-2.5.1.jar;C:\Tools\Maven\repository\net\minidev\accessors-smart\2.5.1\accessors-smart-2.5.1.jar;C:\Tools\Maven\repository\org\ow2\asm\asm\9.6\asm-9.6.jar;C:\Tools\Maven\repository\org\assertj\assertj-core\3.24.2\assertj-core-3.24.2.jar;C:\Tools\Maven\repository\net\bytebuddy\byte-buddy\1.14.13\byte-buddy-1.14.13.jar;C:\Tools\Maven\repository\org\awaitility\awaitility\4.2.1\awaitility-4.2.1.jar;C:\Tools\Maven\repository\org\hamcrest\hamcrest\2.2\hamcrest-2.2.jar;C:\Tools\Maven\repository\org\junit\jupiter\junit-jupiter\5.10.2\junit-jupiter-5.10.2.jar;C:\Tools\Maven\repository\org\junit\jupiter\junit-jupiter-api\5.10.2\junit-jupiter-api-5.10.2.jar;C:\Tools\Maven\repository\org\opentest4j\opentest4j\1.3.0\opentest4j-1.3.0.jar;C:\Tools\Maven\repository\org\junit\platform\junit-platform-commons\1.10.2\junit-platform-commons-1.10.2.jar;C:\Tools\Maven\repository\org\apiguardian\apiguardian-api\1.1.2\apiguardian-api-1.1.2.jar;C:\Tools\Maven\repository\org\junit\jupiter\junit-jupiter-params\5.10.2\junit-jupiter-params-5.10.2.jar;C:\Tools\Maven\repository\org\junit\jupiter\junit-jupiter-engine\5.10.2\junit-jupiter-engine-5.10.2.jar;C:\Tools\Maven\repository\org\junit\platform\junit-platform-engine\1.10.2\junit-platform-engine-1.10.2.jar;C:\Tools\Maven\repository\org\mockito\mockito-core\5.7.0\mockito-core-5.7.0.jar;C:\Tools\Maven\repository\net\bytebuddy\byte-buddy-agent\1.14.13\byte-buddy-agent-1.14.13.jar;C:\Tools\Maven\repository\org\objenesis\objenesis\3.3\objenesis-3.3.jar;C:\Tools\Maven\repository\org\mockito\mockito-junit-jupiter\5.7.0\mockito-junit-jupiter-5.7.0.jar;C:\Tools\Maven\repository\org\skyscreamer\jsonassert\1.5.1\jsonassert-1.5.1.jar;C:\Tools\Maven\repository\com\vaadin\external\google\android-json\0.0.20131108.vaadin1\android-json-0.0.20131108.vaadin1.jar;C:\Tools\Maven\repository\org\springframework\spring-core\6.1.6\spring-core-6.1.6.jar;C:\Tools\Maven\repository\org\springframework\spring-jcl\6.1.6\spring-jcl-6.1.6.jar;C:\Tools\Maven\repository\org\springframework\spring-test\6.1.6\spring-test-6.1.6.jar;C:\Tools\Maven\repository\org\xmlunit\xmlunit-core\2.9.1\xmlunit-core-2.9.1.jar;C:\Tools\Maven\repository\org\mybatis\spring\boot\mybatis-spring-boot-starter-test\3.0.3\mybatis-spring-boot-starter-test-3.0.3.jar;C:\Tools\Maven\repository\org\mybatis\spring\boot\mybatis-spring-boot-test-autoconfigure\3.0.3\mybatis-spring-boot-test-autoconfigure-3.0.3.jar;C:\Tools\Maven\repository\org\springframework\spring-tx\6.1.6\spring-tx-6.1.6.jar;"/>
    <property name="java.vm.vendor" value="Oracle Corporation"/>
    <property name="sun.arch.data.model" value="64"/>
    <property name="user.variant" value=""/>
    <property name="java.vendor.url" value="https://java.oracle.com/"/>
    <property name="user.timezone" value="Asia/Shanghai"/>
    <property name="os.name" value="Windows 11"/>
    <property name="java.vm.specification.version" value="21"/>
    <property name="sun.java.launcher" value="SUN_STANDARD"/>
    <property name="user.country" value="CN"/>
    <property name="sun.boot.library.path" value="C:\Compiler\Java\jdk-21.0.2\bin"/>
    <property name="sun.java.command" value="C:\Users\Crush\AppData\Local\Temp\surefire5494905717831218201\surefirebooter-20240509160956524_3.jar C:\Users\Crush\AppData\Local\Temp\surefire5494905717831218201 2024-05-09T16-09-51_250-jvmRun1 surefire-20240509160956524_1tmp surefire_0-20240509160956524_2tmp"/>
    <property name="jdk.debug" value="release"/>
    <property name="surefire.test.class.path" value="F:\Code Project\vscode project\workspace\Advanced Web Experiment\Experiment 3\target\test-classes;F:\Code Project\vscode project\workspace\Advanced Web Experiment\Experiment 3\target\classes;C:\Tools\Maven\repository\org\springframework\boot\spring-boot-starter-web\3.2.5\spring-boot-starter-web-3.2.5.jar;C:\Tools\Maven\repository\org\springframework\boot\spring-boot-starter\3.2.5\spring-boot-starter-3.2.5.jar;C:\Tools\Maven\repository\org\springframework\boot\spring-boot\3.2.5\spring-boot-3.2.5.jar;C:\Tools\Maven\repository\org\springframework\boot\spring-boot-autoconfigure\3.2.5\spring-boot-autoconfigure-3.2.5.jar;C:\Tools\Maven\repository\org\springframework\boot\spring-boot-starter-logging\3.2.5\spring-boot-starter-logging-3.2.5.jar;C:\Tools\Maven\repository\ch\qos\logback\logback-classic\1.4.14\logback-classic-1.4.14.jar;C:\Tools\Maven\repository\ch\qos\logback\logback-core\1.4.14\logback-core-1.4.14.jar;C:\Tools\Maven\repository\org\apache\logging\log4j\log4j-to-slf4j\2.21.1\log4j-to-slf4j-2.21.1.jar;C:\Tools\Maven\repository\org\apache\logging\log4j\log4j-api\2.21.1\log4j-api-2.21.1.jar;C:\Tools\Maven\repository\org\slf4j\jul-to-slf4j\2.0.13\jul-to-slf4j-2.0.13.jar;C:\Tools\Maven\repository\jakarta\annotation\jakarta.annotation-api\2.1.1\jakarta.annotation-api-2.1.1.jar;C:\Tools\Maven\repository\org\yaml\snakeyaml\2.2\snakeyaml-2.2.jar;C:\Tools\Maven\repository\org\springframework\boot\spring-boot-starter-json\3.2.5\spring-boot-starter-json-3.2.5.jar;C:\Tools\Maven\repository\com\fasterxml\jackson\core\jackson-databind\2.15.4\jackson-databind-2.15.4.jar;C:\Tools\Maven\repository\com\fasterxml\jackson\core\jackson-annotations\2.15.4\jackson-annotations-2.15.4.jar;C:\Tools\Maven\repository\com\fasterxml\jackson\core\jackson-core\2.15.4\jackson-core-2.15.4.jar;C:\Tools\Maven\repository\com\fasterxml\jackson\datatype\jackson-datatype-jdk8\2.15.4\jackson-datatype-jdk8-2.15.4.jar;C:\Tools\Maven\repository\com\fasterxml\jackson\datatype\jackson-datatype-jsr310\2.15.4\jackson-datatype-jsr310-2.15.4.jar;C:\Tools\Maven\repository\com\fasterxml\jackson\module\jackson-module-parameter-names\2.15.4\jackson-module-parameter-names-2.15.4.jar;C:\Tools\Maven\repository\org\springframework\boot\spring-boot-starter-tomcat\3.2.5\spring-boot-starter-tomcat-3.2.5.jar;C:\Tools\Maven\repository\org\apache\tomcat\embed\tomcat-embed-core\10.1.20\tomcat-embed-core-10.1.20.jar;C:\Tools\Maven\repository\org\apache\tomcat\embed\tomcat-embed-el\10.1.20\tomcat-embed-el-10.1.20.jar;C:\Tools\Maven\repository\org\apache\tomcat\embed\tomcat-embed-websocket\10.1.20\tomcat-embed-websocket-10.1.20.jar;C:\Tools\Maven\repository\org\springframework\spring-web\6.1.6\spring-web-6.1.6.jar;C:\Tools\Maven\repository\org\springframework\spring-beans\6.1.6\spring-beans-6.1.6.jar;C:\Tools\Maven\repository\io\micrometer\micrometer-observation\1.12.5\micrometer-observation-1.12.5.jar;C:\Tools\Maven\repository\io\micrometer\micrometer-commons\1.12.5\micrometer-commons-1.12.5.jar;C:\Tools\Maven\repository\org\springframework\spring-webmvc\6.1.6\spring-webmvc-6.1.6.jar;C:\Tools\Maven\repository\org\springframework\spring-aop\6.1.6\spring-aop-6.1.6.jar;C:\Tools\Maven\repository\org\springframework\spring-context\6.1.6\spring-context-6.1.6.jar;C:\Tools\Maven\repository\org\springframework\spring-expression\6.1.6\spring-expression-6.1.6.jar;C:\Tools\Maven\repository\org\mybatis\spring\boot\mybatis-spring-boot-starter\3.0.3\mybatis-spring-boot-starter-3.0.3.jar;C:\Tools\Maven\repository\org\springframework\boot\spring-boot-starter-jdbc\3.2.5\spring-boot-starter-jdbc-3.2.5.jar;C:\Tools\Maven\repository\com\zaxxer\HikariCP\5.0.1\HikariCP-5.0.1.jar;C:\Tools\Maven\repository\org\springframework\spring-jdbc\6.1.6\spring-jdbc-6.1.6.jar;C:\Tools\Maven\repository\org\mybatis\spring\boot\mybatis-spring-boot-autoconfigure\3.0.3\mybatis-spring-boot-autoconfigure-3.0.3.jar;C:\Tools\Maven\repository\org\mybatis\mybatis\3.5.14\mybatis-3.5.14.jar;C:\Tools\Maven\repository\org\mybatis\mybatis-spring\3.0.3\mybatis-spring-3.0.3.jar;C:\Tools\Maven\repository\com\mysql\mysql-connector-j\8.3.0\mysql-connector-j-8.3.0.jar;C:\Tools\Maven\repository\org\projectlombok\lombok\1.18.32\lombok-1.18.32.jar;C:\Tools\Maven\repository\org\springframework\boot\spring-boot-starter-test\3.2.5\spring-boot-starter-test-3.2.5.jar;C:\Tools\Maven\repository\org\springframework\boot\spring-boot-test\3.2.5\spring-boot-test-3.2.5.jar;C:\Tools\Maven\repository\org\springframework\boot\spring-boot-test-autoconfigure\3.2.5\spring-boot-test-autoconfigure-3.2.5.jar;C:\Tools\Maven\repository\com\jayway\jsonpath\json-path\2.9.0\json-path-2.9.0.jar;C:\Tools\Maven\repository\org\slf4j\slf4j-api\2.0.13\slf4j-api-2.0.13.jar;C:\Tools\Maven\repository\jakarta\xml\bind\jakarta.xml.bind-api\4.0.2\jakarta.xml.bind-api-4.0.2.jar;C:\Tools\Maven\repository\jakarta\activation\jakarta.activation-api\2.1.3\jakarta.activation-api-2.1.3.jar;C:\Tools\Maven\repository\net\minidev\json-smart\2.5.1\json-smart-2.5.1.jar;C:\Tools\Maven\repository\net\minidev\accessors-smart\2.5.1\accessors-smart-2.5.1.jar;C:\Tools\Maven\repository\org\ow2\asm\asm\9.6\asm-9.6.jar;C:\Tools\Maven\repository\org\assertj\assertj-core\3.24.2\assertj-core-3.24.2.jar;C:\Tools\Maven\repository\net\bytebuddy\byte-buddy\1.14.13\byte-buddy-1.14.13.jar;C:\Tools\Maven\repository\org\awaitility\awaitility\4.2.1\awaitility-4.2.1.jar;C:\Tools\Maven\repository\org\hamcrest\hamcrest\2.2\hamcrest-2.2.jar;C:\Tools\Maven\repository\org\junit\jupiter\junit-jupiter\5.10.2\junit-jupiter-5.10.2.jar;C:\Tools\Maven\repository\org\junit\jupiter\junit-jupiter-api\5.10.2\junit-jupiter-api-5.10.2.jar;C:\Tools\Maven\repository\org\opentest4j\opentest4j\1.3.0\opentest4j-1.3.0.jar;C:\Tools\Maven\repository\org\junit\platform\junit-platform-commons\1.10.2\junit-platform-commons-1.10.2.jar;C:\Tools\Maven\repository\org\apiguardian\apiguardian-api\1.1.2\apiguardian-api-1.1.2.jar;C:\Tools\Maven\repository\org\junit\jupiter\junit-jupiter-params\5.10.2\junit-jupiter-params-5.10.2.jar;C:\Tools\Maven\repository\org\junit\jupiter\junit-jupiter-engine\5.10.2\junit-jupiter-engine-5.10.2.jar;C:\Tools\Maven\repository\org\junit\platform\junit-platform-engine\1.10.2\junit-platform-engine-1.10.2.jar;C:\Tools\Maven\repository\org\mockito\mockito-core\5.7.0\mockito-core-5.7.0.jar;C:\Tools\Maven\repository\net\bytebuddy\byte-buddy-agent\1.14.13\byte-buddy-agent-1.14.13.jar;C:\Tools\Maven\repository\org\objenesis\objenesis\3.3\objenesis-3.3.jar;C:\Tools\Maven\repository\org\mockito\mockito-junit-jupiter\5.7.0\mockito-junit-jupiter-5.7.0.jar;C:\Tools\Maven\repository\org\skyscreamer\jsonassert\1.5.1\jsonassert-1.5.1.jar;C:\Tools\Maven\repository\com\vaadin\external\google\android-json\0.0.20131108.vaadin1\android-json-0.0.20131108.vaadin1.jar;C:\Tools\Maven\repository\org\springframework\spring-core\6.1.6\spring-core-6.1.6.jar;C:\Tools\Maven\repository\org\springframework\spring-jcl\6.1.6\spring-jcl-6.1.6.jar;C:\Tools\Maven\repository\org\springframework\spring-test\6.1.6\spring-test-6.1.6.jar;C:\Tools\Maven\repository\org\xmlunit\xmlunit-core\2.9.1\xmlunit-core-2.9.1.jar;C:\Tools\Maven\repository\org\mybatis\spring\boot\mybatis-spring-boot-starter-test\3.0.3\mybatis-spring-boot-starter-test-3.0.3.jar;C:\Tools\Maven\repository\org\mybatis\spring\boot\mybatis-spring-boot-test-autoconfigure\3.0.3\mybatis-spring-boot-test-autoconfigure-3.0.3.jar;C:\Tools\Maven\repository\org\springframework\spring-tx\6.1.6\spring-tx-6.1.6.jar;"/>
    <property name="sun.cpu.endian" value="little"/>
    <property name="user.home" value="C:\Users\Crush"/>
    <property name="user.language" value="zh"/>
    <property name="java.specification.vendor" value="Oracle Corporation"/>
    <property name="java.version.date" value="2024-01-16"/>
    <property name="java.home" value="C:\Compiler\Java\jdk-21.0.2"/>
    <property name="file.separator" value="\"/>
    <property name="basedir" value="F:\Code Project\vscode project\workspace\Advanced Web Experiment\Experiment 3"/>
    <property name="java.vm.compressedOopsMode" value="Zero based"/>
    <property name="line.separator" value="&#10;"/>
    <property name="java.vm.specification.vendor" value="Oracle Corporation"/>
    <property name="java.specification.name" value="Java Platform API Specification"/>
    <property name="FILE_LOG_CHARSET" value="UTF-8"/>
    <property name="java.awt.headless" value="true"/>
    <property name="surefire.real.class.path" value="C:\Users\Crush\AppData\Local\Temp\surefire5494905717831218201\surefirebooter-20240509160956524_3.jar"/>
    <property name="user.script" value=""/>
    <property name="sun.management.compiler" value="HotSpot 64-Bit Tiered Compilers"/>
    <property name="java.runtime.version" value="21.0.2+13-LTS-58"/>
    <property name="user.name" value="Crush"/>
    <property name="stdout.encoding" value="GBK"/>
    <property name="path.separator" value=";"/>
    <property name="os.version" value="10.0"/>
    <property name="java.runtime.name" value="Java(TM) SE Runtime Environment"/>
    <property name="file.encoding" value="UTF-8"/>
    <property name="java.vm.name" value="Java HotSpot(TM) 64-Bit Server VM"/>
    <property name="localRepository" value="C:\Tools\Maven\repository"/>
    <property name="java.vendor.url.bug" value="https://bugreport.java.com/bugreport/"/>
    <property name="java.io.tmpdir" value="C:\Users\Crush\AppData\Local\Temp\"/>
    <property name="idea.version" value="2024.1.1"/>
    <property name="java.version" value="21.0.2"/>
    <property name="user.dir" value="F:\Code Project\vscode project\workspace\Advanced Web Experiment\Experiment 3"/>
    <property name="os.arch" value="amd64"/>
    <property name="java.vm.specification.name" value="Java Virtual Machine Specification"/>
    <property name="PID" value="14880"/>
    <property name="sun.os.patch.level" value=""/>
    <property name="CONSOLE_LOG_CHARSET" value="UTF-8"/>
    <property name="native.encoding" value="GBK"/>
    <property name="java.library.path" value="C:\Compiler\Java\jdk-21.0.2\bin;C:\WINDOWS\Sun\Java\bin;C:\WINDOWS\system32;C:\WINDOWS;C:\Program Files (x86)\Common Files\Intel\Shared Libraries\redist\intel64\compiler;E:\VMware\VMware Workstation\bin\;C:\WINDOWS\system32;C:\WINDOWS;C:\WINDOWS\System32\Wbem;C:\WINDOWS\System32\WindowsPowerShell\v1.0\;C:\WINDOWS\System32\OpenSSH\;C:\Compiler\Java\jdk-21.0.2\bin;C:\Compiler\Cpp\mingw64\bin;C:\Program Files\Git\cmd;E:\Microsoft\Microsoft VS Code\bin;C:\Tools\Nodejs\node_modules;C:\Tools\Nodejs;E:\MySQL\bin;C:\Tools\Maven\bin;C:\Compiler\Python\Scripts\;C:\Compiler\Python\;C:\Users\Crush\AppData\Local\Microsoft\WindowsApps;E:\Microsoft\Microsoft VS Code\bin;C:\Tools\Nodejs\node_global;E:\JetBrains\DataGrip 2024.1.1\bin;E:\JetBrains\IntelliJ IDEA 2024.1\bin;C:\Users\Crush\AppData\Local\JetBrains\Toolbox\scripts;;."/>
    <property name="java.vm.info" value="mixed mode, sharing"/>
    <property name="stderr.encoding" value="GBK"/>
    <property name="java.vendor" value="Oracle Corporation"/>
    <property name="java.vm.version" value="21.0.2+13-LTS-58"/>
    <property name="sun.io.unicode.encoding" value="UnicodeLittle"/>
    <property name="maven.repo.local" value="C:\Tools\Maven\repository"/>
    <property name="java.class.version" value="65.0"/>
  </properties>
  <testcase name="contextLoads" classname="com.crushfirefly.Experiment3ApplicationTests" time="1.021">
    <system-out><![CDATA[16:09:57.219 [main] INFO org.springframework.test.context.support.AnnotationConfigContextLoaderUtils -- Could not detect default configuration classes for test class [com.crushfirefly.Experiment3ApplicationTests]: Experiment3ApplicationTests does not declare any static, non-private, non-final, nested classes annotated with @Configuration.
16:09:57.315 [main] INFO org.springframework.boot.test.context.SpringBootTestContextBootstrapper -- Found @SpringBootConfiguration com.crushfirefly.Experiment3Application for test class com.crushfirefly.Experiment3ApplicationTests

  .   ____          _            __ _ _
 /\\ / ___'_ __ _ _(_)_ __  __ _ \ \ \ \
( ( )\___ | '_ | '_| | '_ \/ _` | \ \ \ \
 \\/  ___)| |_)| | | | | || (_| |  ) ) ) )
  '  |____| .__|_| |_|_| |_\__, | / / / /
 =========|_|==============|___/=/_/_/_/
 :: Spring Boot ::                (v3.2.5)

2024-05-09T16:09:57.726+08:00  INFO 14880 --- [           main] c.c.Experiment3ApplicationTests          : Starting Experiment3ApplicationTests using Java 21.0.2 with PID 14880 (started by Crush in F:\Code Project\vscode project\workspace\Advanced Web Experiment\Experiment 3)
2024-05-09T16:09:57.728+08:00  INFO 14880 --- [           main] c.c.Experiment3ApplicationTests          : No active profile set, falling back to 1 default profile: "default"
Logging initialized using 'class org.apache.ibatis.logging.stdout.StdOutImpl' adapter.
2024-05-09T16:09:59.048+08:00  INFO 14880 --- [           main] o.s.b.a.w.s.WelcomePageHandlerMapping    : Adding welcome page: class path resource [static/index.html]
2024-05-09T16:09:59.590+08:00  INFO 14880 --- [           main] c.c.Experiment3ApplicationTests          : Started Experiment3ApplicationTests in 2.12 seconds (process running for 2.957)
]]></system-out>
    <system-err><![CDATA[WARNING: A Java agent has been loaded dynamically (C:\Tools\Maven\repository\net\bytebuddy\byte-buddy-agent\1.14.13\byte-buddy-agent-1.14.13.jar)
WARNING: If a serviceability tool is in use, please run with -XX:+EnableDynamicAgentLoading to hide this warning
WARNING: If a serviceability tool is not in use, please run with -Djdk.instrument.traceUsage for more information
WARNING: Dynamic loading of agents will be disallowed by default in a future release
]]></system-err>
  </testcase>
</testsuite>